<?xml version="1.0" encoding="UTF-8"?>
<!-- Generated by org.testng.reporters.JUnitReportReporter -->
<testsuite skipped="0" hostname="LAPTOP-KK246M4D" name="com.automationpractice.testsuite.OurStoresTest" tests="1" failures="0" timestamp="28 Dec 2021 13:48:34 GMT" time="12.016" errors="0">
  <testcase name="userShouldBeAbleToDragTheMapAndTakeScreenshot" time="12.016" classname="com.automationpractice.testsuite.OurStoresTest"/>
</testsuite> <!-- com.automationpractice.testsuite.OurStoresTest -->
