<?xml version="1.0" encoding="UTF-8"?>
<!-- Generated by org.testng.reporters.JUnitReportReporter -->
<testsuite skipped="0" hostname="LAPTOP-KK246M4D" name="com.automationpractice.testsuite.SummerDressesPriceRangeTest" tests="1" failures="0" timestamp="28 Dec 2021 13:48:34 GMT" time="8.455" errors="0">
  <testcase name="updatedSearchResultsAfterChangingPriceRange" time="8.455" classname="com.automationpractice.testsuite.SummerDressesPriceRangeTest"/>
</testsuite> <!-- com.automationpractice.testsuite.SummerDressesPriceRangeTest -->
