<?xml version="1.0" encoding="UTF-8"?>
<!-- Generated by org.testng.reporters.JUnitReportReporter -->
<testsuite skipped="0" hostname="LAPTOP-KK246M4D" name="com.automationpractice.testsuite.CreateAccountTest" tests="1" failures="0" timestamp="28 Dec 2021 13:48:34 GMT" time="10.418" errors="0">
  <testcase name="userWillGetAnErrorMessageWhileCreatingAccountWithInvalidDetails" time="10.418" classname="com.automationpractice.testsuite.CreateAccountTest"/>
</testsuite> <!-- com.automationpractice.testsuite.CreateAccountTest -->
